{"name": "TC06 – Validate newly created user appears in search results", "status": "failed", "statusDetails": {"message": "AssertionError: User 'Test0981' not found in table\nassert False", "trace": "self = <Test_Dashboard_Page_OrangeHRM.Test_Orange_Hrsite_Automation_DashBoard_Page object at 0x000001BC3C55FBF0>\nsetup = <selenium.webdriver.chrome.webdriver.WebDriver (session=\"0a1a32330f0825fd7313f46ae15f3914\")>, row = 2, username = 'Admin', password = 'admin123'\n\n    @allure.title(\"TC06 – Validate newly created user appears in search results\")\n    @allure.description(\n        \"This test validates that a newly created user is successfully displayed when searched in the User List table.\"\n    )\n    @pytest.mark.smoke\n    @pytest.mark.regression\n    @pytest.mark.parametrize(\"row,username,password\", excel_row_valid)\n    def test_tc06_validate_new_user_in_search(self, setup, row, username, password):\n    \n        driver = setup\n        basepage = Base_Page(driver)\n        adminpage=Admin_Page(driver)\n        loginpage = Login_Page(driver)\n        dashboardpage=Dashboard_Page(driver)\n    \n        # config data\n        login_url = get_config(\"Login_Orange\", \"url\")\n        dashboard_url = get_config(\"Dashboard_Page\", \"url\")\n        new_username = get_config(\"Add_new_user\", \"new_username\")\n    \n        logger.info(\"========== TC06 Validate Newly Created User Search STARTED ==========\")\n    \n        # LOGIN STEPS\n        logger.info(\"=== Starting Login Process ===\")\n    \n        with allure.step(\"Login to OrangeHRM\"):\n            loginpage.navigate_to_url(login_url)\n    \n            logger.info(f\"Entering username: {username}\")\n            loginpage.enter_username(username)\n    \n            logger.info(f\"Entering password\")\n            loginpage.enter_password(password)\n    \n            logger.info(\"Clicking the Login button\")\n            loginpage.click_login()\n    \n            logger.info(\"Waiting for Dashboard page to load...\")\n            basepage.wait_for_url(dashboard_url)\n    \n            logger.info(\"Logged in as Admin.\")\n    \n        # Navigate to User Management\n        with allure.step(\"navigate to admin--users tab\"):\n            adminpage.open_admin_menu()\n            logger.info(\"Navigated to Admin > User Management > Users\")\n    \n    \n        # Search for the newly created user\n        with allure.step(f\"Search for newly created user: {username}\"):\n            logger.info(f\"Searching for user: {new_username}\")\n            adminpage.search_user(new_username)\n            logger.info(\"Search initiated.\")\n    \n        # Validate user in search results\n        with allure.step(\"Validate user appears in search results\"):\n            logger.info(\"Validating if user exists in the search results table...\")\n            user_present = adminpage.is_user_present_in_table(new_username)\n    \n            basepage.attach_save_screenshot(\"TC_06_User_Validation_Success\")\n    \n>           assert user_present, f\"User '{new_username}' not found in table\"\nE           AssertionError: User 'Test0981' not found in table\nE           assert False\n\ntests\\Test_Dashboard_Page_OrangeHRM.py:467: AssertionError"}, "description": "This test validates that a newly created user is successfully displayed when searched in the User List table.", "steps": [{"name": "Login to OrangeHRM", "status": "passed", "steps": [{"name": "Opening URL page: 'https://opensource-demo.orangehrmlive.com/web/index.php/auth/login'", "status": "passed", "steps": [{"name": "Waiting for URL → https://opensource-demo.orangehrmlive.com/web/index.php/auth/login", "status": "passed", "start": 1764597708526, "stop": 1764597710945}], "parameters": [{"name": "url", "value": "'https://opensource-demo.orangehrmlive.com/web/index.php/auth/login'"}], "start": 1764597707138, "stop": 1764597710945}, {"name": "Logging in with username: 'Admin'", "status": "passed", "steps": [{"name": "Entering text into element → ('name', 'username')", "status": "passed", "start": 1764597710946, "stop": 1764597711496}], "parameters": [{"name": "username", "value": "'Admin'"}], "start": 1764597710946, "stop": 1764597711496}, {"name": "Entering password", "status": "passed", "steps": [{"name": "Entering text into element → ('name', 'password')", "status": "passed", "start": 1764597711497, "stop": 1764597711606}], "parameters": [{"name": "password", "value": "'admin123'"}], "start": 1764597711496, "stop": 1764597711606}, {"name": "Clicking login button", "status": "passed", "steps": [{"name": "Clicking element → ('xpath', \"//button[@type='submit']\")", "status": "passed", "start": 1764597711607, "stop": 1764597711705}], "start": 1764597711607, "stop": 1764597711705}, {"name": "Waiting for URL → https://opensource-demo.orangehrmlive.com/web/index.php/dashboard/index", "status": "passed", "start": 1764597711705, "stop": 1764597713572}], "start": 1764597707138, "stop": 1764597713572}, {"name": "navigate to admin--users tab", "status": "passed", "steps": [{"name": "Opening Admin menu", "status": "passed", "steps": [{"name": "Action click element", "status": "passed", "start": 1764597713593, "stop": 1764597715189}], "start": 1764597713572, "stop": 1764597715190}], "start": 1764597713572, "stop": 1764597715190}, {"name": "Search for newly created user: Admin", "status": "passed", "steps": [{"name": "Searching for user: 'Test0981'", "status": "passed", "steps": [{"name": "Clicking element → ('xpath', \"//button[@type='submit']\")", "status": "passed", "start": 1764597715697, "stop": 1764597715771}], "parameters": [{"name": "username", "value": "'Test0981'"}], "start": 1764597715191, "stop": 1764597715772}], "start": 1764597715190, "stop": 1764597715772}, {"name": "Validate user appears in search results", "status": "failed", "statusDetails": {"message": "AssertionError: User 'Test0981' not found in table\nassert False\n", "trace": "  File \"D:\\Poornima\\Ofc\\Automation_class\\Code\\Project2_Orangehrm_Automation\\tests\\Test_Dashboard_Page_OrangeHRM.py\", line 467, in test_tc06_validate_new_user_in_search\n    assert user_present, f\"User '{new_username}' not found in table\"\n"}, "steps": [{"name": "Validating user ''Test0981'' in result table", "status": "passed", "parameters": [{"name": "username", "value": "'Test0981'"}], "start": 1764597715772, "stop": 1764597716113}], "attachments": [{"name": "TC_06_User_Validation_Success", "source": "1b7a3de3-8dbf-47b5-bd4b-52b7e4a81b23-attachment.png", "type": "image/png"}], "start": 1764597715772, "stop": 1764597716533}], "attachments": [{"name": "log", "source": "90e7ff91-7b3b-4898-94fb-b39599322cc6-attachment.txt", "type": "text/plain"}, {"name": "stdout", "source": "84fcff85-4613-4593-8597-2965796bec54-attachment.txt", "type": "text/plain"}, {"name": "stderr", "source": "cf901709-d29e-45f0-bda9-39511f6579f5-attachment.txt", "type": "text/plain"}], "parameters": [{"name": "row", "value": "2"}, {"name": "username", "value": "'Admin'"}, {"name": "password", "value": "'admin123'"}], "start": 1764597707135, "stop": 1764597716535, "uuid": "0e90fb4d-8715-4b6f-9c03-ec9d29bf3c81", "historyId": "b5a99c9e2aedfae44697b95468abd276", "testCaseId": "ba9751867a530ab346fafb47d77fba48", "fullName": "tests.Test_Dashboard_Page_OrangeHRM.Test_Orange_Hrsite_Automation_DashBoard_Page#test_tc06_validate_new_user_in_search", "labels": [{"name": "tag", "value": "regression"}, {"name": "tag", "value": "smoke"}, {"name": "parentSuite", "value": "tests"}, {"name": "suite", "value": "Test_Dashboard_Page_OrangeHRM"}, {"name": "subSuite", "value": "Test_Orange_Hrsite_Automation_DashBoard_Page"}, {"name": "host", "value": "DESKTOP-TGQ0LMG"}, {"name": "thread", "value": "10732-MainThread"}, {"name": "framework", "value": "pytest"}, {"name": "language", "value": "cpython3"}, {"name": "package", "value": "tests.Test_Dashboard_Page_OrangeHRM"}], "titlePath": ["tests", "Test_Dashboard_Page_OrangeHRM.py", "Test_Orange_Hrsite_Automation_DashBoard_Page"]}