{"name": "TC07 – Forgot Password Link & Reset Flow Validation", "status": "failed", "statusDetails": {"message": "AssertionError: Cannot click element ('xpath', \"//p[text()='Forgot your password? ']\"): Message: \nStacktrace:\nSymbols not available. Dumping unresolved backtrace:\n\t0x1204103\n\t0x1204144\n\t0x100e71d\n\t0x105a03d\n\t0x105a41b\n\t0x10a17f2\n\t0x107c954\n\t0x109ee17\n\t0x107c706\n\t0x104da30\n\t0x104ed54\n\t0x14757b4\n\t0x147098a\n\t0x122c392\n\t0x121c4c8\n\t0x122324d\n\t0x120c478\n\t0x120c63c\n\t0x11f67ca\n\t0x766cfcc9\n\t0x77bc82ae\n\t0x77bc827e", "trace": "self = <pages.login_page.Login_Page object at 0x000001B151D061A0>, locator = ('xpath', \"//p[text()='Forgot your password? ']\")\n\n    def click(self, locator):\n        \"\"\"\n            Click on an element located by `locator`.\n            Raises AssertionError if not clickable.\n            \"\"\"\n        with allure.step(f\"Clicking element → {locator}\"):\n            try:\n                logger.info(f\"Clicking on element: {locator}\")\n>               element = self.wait.until(EC.element_to_be_clickable(locator))\n                          ^^^^^^^^^^^^^^^^^^^^^^^^^^^^^^^^^^^^^^^^^^^^^^^^^^^^\n\npages\\base_page.py:38: \n_ _ _ _ _ _ _ _ _ _ _ _ _ _ _ _ _ _ _ _ _ _ _ _ _ _ _ _ _ _ _ _ _ _ _ _ _ _ _ _ _ _ _ _ _ _ _ _ _ _ _ _ _ _ _ _ _ _ _ _ _ _ _ _ _ _ _ _ _ _ _ _ _ _ _ _ _ _ _ _ _ _ _ _ _ _ _ _ _ _\n\nself = <selenium.webdriver.support.wait.WebDriverWait (session=\"fc6e34acf10e2a21158e12565ba88334\")>\nmethod = <function element_to_be_clickable.<locals>._predicate at 0x000001B151ED6770>, message = ''\n\n    def until(self, method: Callable[[D], Union[Literal[False], T]], message: str = \"\") -> T:\n        \"\"\"Wait until the method returns a value that is not False.\n    \n        Calls the method provided with the driver as an argument until the\n        return value does not evaluate to ``False``.\n    \n        Parameters:\n        -----------\n        method: callable(WebDriver)\n            - A callable object that takes a WebDriver instance as an argument.\n    \n        message: str\n            - Optional message for :exc:`TimeoutException`\n    \n        Return:\n        -------\n        object: T\n            - The result of the last call to `method`\n    \n        Raises:\n        -------\n        TimeoutException\n            - If 'method' does not return a truthy value within the WebDriverWait\n            object's timeout\n    \n        Example:\n        --------\n        >>> from selenium.webdriver.common.by import By\n        >>> from selenium.webdriver.support.ui import WebDriverWait\n        >>> from selenium.webdriver.support import expected_conditions as EC\n    \n        # Wait until an element is visible on the page\n        >>> wait = WebDriverWait(driver, 10)\n        >>> element = wait.until(EC.visibility_of_element_located((By.ID, \"exampleId\")))\n        >>> print(element.text)\n        \"\"\"\n        screen = None\n        stacktrace = None\n    \n        end_time = time.monotonic() + self._timeout\n        while True:\n            try:\n                value = method(self._driver)\n                if value:\n                    return value\n            except self._ignored_exceptions as exc:\n                screen = getattr(exc, \"screen\", None)\n                stacktrace = getattr(exc, \"stacktrace\", None)\n            if time.monotonic() > end_time:\n                break\n            time.sleep(self._poll)\n>       raise TimeoutException(message, screen, stacktrace)\nE       selenium.common.exceptions.TimeoutException: Message: \nE       Stacktrace:\nE       Symbols not available. Dumping unresolved backtrace:\nE       \t0x1204103\nE       \t0x1204144\nE       \t0x100e71d\nE       \t0x105a03d\nE       \t0x105a41b\nE       \t0x10a17f2\nE       \t0x107c954\nE       \t0x109ee17\nE       \t0x107c706\nE       \t0x104da30\nE       \t0x104ed54\nE       \t0x14757b4\nE       \t0x147098a\nE       \t0x122c392\nE       \t0x121c4c8\nE       \t0x122324d\nE       \t0x120c478\nE       \t0x120c63c\nE       \t0x11f67ca\nE       \t0x766cfcc9\nE       \t0x77bc82ae\nE       \t0x77bc827e\n\nC:\\Users\\ADMIN\\AppData\\Local\\Programs\\Python\\Python314\\Lib\\site-packages\\selenium\\webdriver\\support\\wait.py:146: TimeoutException\n\nDuring handling of the above exception, another exception occurred:\n\nself = <Test_Login_Page_OrangeHRM.Test_Orange_Hrsite_Automation_Login_Page object at 0x000001B151D648C0>\nsetup = <selenium.webdriver.chrome.webdriver.WebDriver (session=\"fc6e34acf10e2a21158e12565ba88334\")>\n\n    @allure.title(\"TC07 – Forgot Password Link & Reset Flow Validation\")\n    @allure.description(\"\"\"\n            Validates Forgot Password workflow:\n                - Navigation\n                - Reset username entry\n                - URL validation\n                - Success message validation\n        \"\"\")\n    @pytest.mark.smoke\n    @pytest.mark.regression\n    def test_validate_forgot_password_link(self, setup):\n    \n        driver = setup\n        basepage = Base_Page(driver)\n        loginpage = Login_Page(driver)\n    \n        # Config values\n        login_url = get_config(\"Login_Orange\", \"url\")\n        reset_user = get_config(\"Reset\", \"username\")\n        reset_success_url = get_config(\"Reset\", \"url\")\n        expected_msg = get_config(\"Reset\", \"success_message\")\n    \n        logger.info(\"=== TC07 Forgot Password Validation Started ===\")\n    \n        # Navigate to Login Page\n        loginpage.navigate_to_url(login_url)\n        logger.info(f\"Navigated to login page: {login_url}\")\n    \n        # Click Forgot Password\n>       loginpage.forgot_password_link()\n\ntests\\Test_Login_Page_OrangeHRM.py:243: \n_ _ _ _ _ _ _ _ _ _ _ _ _ _ _ _ _ _ _ _ _ _ _ _ _ _ _ _ _ _ _ _ _ _ _ _ _ _ _ _ _ _ _ _ _ _ _ _ _ _ _ _ _ _ _ _ _ _ _ _ _ _ _ _ _ _ _ _ _ _ _ _ _ _ _ _ _ _ _ _ _ _ _ _ _ _ _ _ _ _\npages\\login_page.py:140: in forgot_password_link\n    self.click(self.forgot_password)\n_ _ _ _ _ _ _ _ _ _ _ _ _ _ _ _ _ _ _ _ _ _ _ _ _ _ _ _ _ _ _ _ _ _ _ _ _ _ _ _ _ _ _ _ _ _ _ _ _ _ _ _ _ _ _ _ _ _ _ _ _ _ _ _ _ _ _ _ _ _ _ _ _ _ _ _ _ _ _ _ _ _ _ _ _ _ _ _ _ _\n\nself = <pages.login_page.Login_Page object at 0x000001B151D061A0>, locator = ('xpath', \"//p[text()='Forgot your password? ']\")\n\n    def click(self, locator):\n        \"\"\"\n            Click on an element located by `locator`.\n            Raises AssertionError if not clickable.\n            \"\"\"\n        with allure.step(f\"Clicking element → {locator}\"):\n            try:\n                logger.info(f\"Clicking on element: {locator}\")\n                element = self.wait.until(EC.element_to_be_clickable(locator))\n                element.click()\n                return  element\n            except (TimeoutException, ElementClickInterceptedException) as e:\n>               raise AssertionError(f\"Cannot click element {locator}: {e}\")\nE               AssertionError: Cannot click element ('xpath', \"//p[text()='Forgot your password? ']\"): Message: \nE               Stacktrace:\nE               Symbols not available. Dumping unresolved backtrace:\nE               \t0x1204103\nE               \t0x1204144\nE               \t0x100e71d\nE               \t0x105a03d\nE               \t0x105a41b\nE               \t0x10a17f2\nE               \t0x107c954\nE               \t0x109ee17\nE               \t0x107c706\nE               \t0x104da30\nE               \t0x104ed54\nE               \t0x14757b4\nE               \t0x147098a\nE               \t0x122c392\nE               \t0x121c4c8\nE               \t0x122324d\nE               \t0x120c478\nE               \t0x120c63c\nE               \t0x11f67ca\nE               \t0x766cfcc9\nE               \t0x77bc82ae\nE               \t0x77bc827e\n\npages\\base_page.py:42: AssertionError"}, "description": "\n            Validates Forgot Password workflow:\n                - Navigation\n                - Reset username entry\n                - URL validation\n                - Success message validation\n        ", "steps": [{"name": "Opening URL page: 'https://opensource-demo.orangehrmlive.com/web/index.php/auth/login'", "status": "passed", "steps": [{"name": "Waiting for URL → https://opensource-demo.orangehrmlive.com/web/index.php/auth/login", "status": "passed", "start": 1764597452416, "stop": 1764597452432}], "parameters": [{"name": "url", "value": "'https://opensource-demo.orangehrmlive.com/web/index.php/auth/login'"}], "start": 1764597451338, "stop": 1764597452433}, {"name": "Clicking Forgot Password link", "status": "failed", "statusDetails": {"message": "AssertionError: Cannot click element ('xpath', \"//p[text()='Forgot your password? ']\"): Message: \nStacktrace:\nSymbols not available. Dumping unresolved backtrace:\n\t0x1204103\n\t0x1204144\n\t0x100e71d\n\t0x105a03d\n\t0x105a41b\n\t0x10a17f2\n\t0x107c954\n\t0x109ee17\n\t0x107c706\n\t0x104da30\n\t0x104ed54\n\t0x14757b4\n\t0x147098a\n\t0x122c392\n\t0x121c4c8\n\t0x122324d\n\t0x120c478\n\t0x120c63c\n\t0x11f67ca\n\t0x766cfcc9\n\t0x77bc82ae\n\t0x77bc827e\n\n", "trace": "  File \"C:\\Users\\ADMIN\\AppData\\Local\\Programs\\Python\\Python314\\Lib\\site-packages\\allure_commons\\_allure.py\", line 202, in impl\n    return func(*a, **kw)\n  File \"D:\\Poornima\\Ofc\\Automation_class\\Code\\Project2_Orangehrm_Automation\\pages\\login_page.py\", line 140, in forgot_password_link\n    self.click(self.forgot_password)\n    ~~~~~~~~~~^^^^^^^^^^^^^^^^^^^^^^\n  File \"D:\\Poornima\\Ofc\\Automation_class\\Code\\Project2_Orangehrm_Automation\\pages\\base_page.py\", line 42, in click\n    raise AssertionError(f\"Cannot click element {locator}: {e}\")\n"}, "steps": [{"name": "Clicking element → ('xpath', \"//p[text()='Forgot your password? ']\")", "status": "failed", "statusDetails": {"message": "AssertionError: Cannot click element ('xpath', \"//p[text()='Forgot your password? ']\"): Message: \nStacktrace:\nSymbols not available. Dumping unresolved backtrace:\n\t0x1204103\n\t0x1204144\n\t0x100e71d\n\t0x105a03d\n\t0x105a41b\n\t0x10a17f2\n\t0x107c954\n\t0x109ee17\n\t0x107c706\n\t0x104da30\n\t0x104ed54\n\t0x14757b4\n\t0x147098a\n\t0x122c392\n\t0x121c4c8\n\t0x122324d\n\t0x120c478\n\t0x120c63c\n\t0x11f67ca\n\t0x766cfcc9\n\t0x77bc82ae\n\t0x77bc827e\n\n", "trace": "  File \"D:\\Poornima\\Ofc\\Automation_class\\Code\\Project2_Orangehrm_Automation\\pages\\base_page.py\", line 42, in click\n    raise AssertionError(f\"Cannot click element {locator}: {e}\")\n"}, "start": 1764597483593, "stop": 1764597514768}], "start": 1764597452433, "stop": 1764597514773}], "attachments": [{"name": "log", "source": "3f1fa35f-030b-4ece-aa96-c9ca78839f7b-attachment.txt", "type": "text/plain"}], "start": 1764597451332, "stop": 1764597514776, "uuid": "e5d062c2-2e4c-408b-a508-a3950863f55f", "historyId": "0a7e366fec0c244760a53d0442de64fe", "testCaseId": "0a7e366fec0c244760a53d0442de64fe", "fullName": "tests.Test_Login_Page_OrangeHRM.Test_Orange_Hrsite_Automation_Login_Page#test_validate_forgot_password_link", "labels": [{"name": "tag", "value": "regression"}, {"name": "tag", "value": "smoke"}, {"name": "parentSuite", "value": "tests"}, {"name": "suite", "value": "Test_Login_Page_OrangeHRM"}, {"name": "subSuite", "value": "Test_Orange_Hrsite_Automation_Login_Page"}, {"name": "host", "value": "DESKTOP-TGQ0LMG"}, {"name": "thread", "value": "25132-MainThread"}, {"name": "framework", "value": "pytest"}, {"name": "language", "value": "cpython3"}, {"name": "package", "value": "tests.Test_Login_Page_OrangeHRM"}], "titlePath": ["tests", "Test_Login_Page_OrangeHRM.py", "Test_Orange_Hrsite_Automation_Login_Page"]}